c:\projects\bluedis\bluedis\debug\vc142.pdb
c:\projects\bluedis\bluedis\debug\vc142.idb
c:\projects\bluedis\bluedis\debug\value.obj
c:\projects\bluedis\bluedis\debug\tcp_sever.obj
c:\projects\bluedis\bluedis\debug\tcp_connection.obj
c:\projects\bluedis\bluedis\debug\parser.obj
c:\projects\bluedis\bluedis\debug\main.obj
c:\projects\bluedis\bluedis\debug\event.obj
c:\projects\bluedis\bluedis\debug\db.obj
c:\projects\bluedis\bluedis\debug\commandfactory.obj
c:\projects\bluedis\bluedis\debug\client_connection.obj
c:\projects\bluedis\bluedis\debug\timestamp.obj
c:\projects\bluedis\bluedis\debug\base_value.obj
c:\projects\bluedis\bluedis\debug\list.obj
c:\projects\bluedis\bluedis\debug\value_ptr.obj
c:\projects\bluedis\bluedis\debug\string.obj
c:\projects\bluedis\bluedis\debug\hash_value.obj
c:\projects\bluedis\debug\bluedis.exe
c:\projects\bluedis\debug\bluedis.ilk
c:\projects\bluedis\debug\bluedis.pdb
c:\projects\bluedis\bluedis\debug\bluedis.tlog\cl.command.1.tlog
c:\projects\bluedis\bluedis\debug\bluedis.tlog\cl.read.1.tlog
c:\projects\bluedis\bluedis\debug\bluedis.tlog\cl.write.1.tlog
c:\projects\bluedis\bluedis\debug\bluedis.tlog\link.command.1.tlog
c:\projects\bluedis\bluedis\debug\bluedis.tlog\link.read.1.tlog
c:\projects\bluedis\bluedis\debug\bluedis.tlog\link.write.1.tlog
