  CommandFactory.cpp
C:\Projects\bluedis\bluedis\timestamp.h(29,62): warning C4244: 'argument': conversion from '_Rep' to 'size_t', possible loss of data
          with
          [
              _Rep=__int64
          ]
  Please define _WIN32_WINNT or _WIN32_WINDOWS appropriately. For example:
  - add -D_WIN32_WINNT=0x0601 to the compiler command line; or
  - add _WIN32_WINNT=0x0601 to your project's Preprocessor Definitions.
  Assuming _WIN32_WINNT=0x0601 (i.e. Windows 7 target).
  DB.cpp
C:\Projects\bluedis\bluedis\timestamp.h(29,62): warning C4244: 'argument': conversion from '_Rep' to 'size_t', possible loss of data
          with
          [
              _Rep=__int64
          ]
  Please define _WIN32_WINNT or _WIN32_WINDOWS appropriately. For example:
  - add -D_WIN32_WINNT=0x0601 to the compiler command line; or
  - add _WIN32_WINNT=0x0601 to your project's Preprocessor Definitions.
  Assuming _WIN32_WINNT=0x0601 (i.e. Windows 7 target).
  main.cpp
C:\Projects\bluedis\include\boost\bind.hpp(41): message : The practice of declaring the Bind placeholders (_1, _2, ...) in the global namespace is deprecated. Please use <boost/bind/bind.hpp> + using namespace boost::placeholders, or define BOOST_BIND_GLOBAL_PLACEHOLDERS to retain the current behavior.
  Please define _WIN32_WINNT or _WIN32_WINDOWS appropriately. For example:
  - add -D_WIN32_WINNT=0x0601 to the compiler command line; or
  - add _WIN32_WINNT=0x0601 to your project's Preprocessor Definitions.
  Assuming _WIN32_WINNT=0x0601 (i.e. Windows 7 target).
C:\Projects\bluedis\bluedis\timestamp.h(29,62): warning C4244: 'argument': conversion from '_Rep' to 'size_t', possible loss of data
          with
          [
              _Rep=__int64
          ]
C:\Projects\bluedis\bluedis\main.cpp(34,13): warning C4326: return type of 'main' should be 'int' instead of 'void'
  value_ptr.cpp
C:\Projects\bluedis\bluedis\timestamp.h(29,62): warning C4244: 'argument': conversion from '_Rep' to 'size_t', possible loss of data
          with
          [
              _Rep=__int64
          ]
  Generating Code...
C:\Projects\bluedis\bluedis\LoggerAOF.h(143): warning C4715: 'AOFLogger_Factory::create': not all control paths return a value
C:\Projects\bluedis\bluedis\LoggerAOF.h(143): warning C4715: 'AOFLogger_Factory::create': not all control paths return a value
C:\Projects\bluedis\bluedis\value_ptr.h(129): warning C4715: 'value_ptr::setExpirey<<lambda_5bf9bca69f47322e06c1c621dd93e9e9> >': not all control paths return a value
  bluedis.vcxproj -> C:\Projects\bluedis\Debug\bluedis.exe
